<?xml version="1.0" encoding="UTF-8"?>
<!-- Generated by org.testng.reporters.JUnitXMLReporter -->
<testsuite ignored="2" hostname="MISHRA" failures="4" tests="6" name="Test" time="16.491" errors="0" timestamp="2023-07-07T17:14:37 IST">
  <testcase classname="trassoft_AddMenu.AddModuletoDashboardTest" name="addModuleToDashboard" time="3.499">
    <failure type="java.lang.AssertionError" message="null">
      <![CDATA[java.lang.AssertionError: null
at trassoft_AddMenu.AddModuletoDashboardTest.addModuleToDashboard(AddModuletoDashboardTest.java:76)
at java.base/java.util.concurrent.ThreadPoolExecutor.runWorker(ThreadPoolExecutor.java:1136)
at java.base/java.util.concurrent.ThreadPoolExecutor$Worker.run(ThreadPoolExecutor.java:635)
at java.base/java.lang.Thread.run(Thread.java:833)
... Removed 14 stack frames]]>
    </failure>
  </testcase> <!-- addModuleToDashboard -->
  <testcase classname="trassoft_AddMenu.AddModuletoDashboardTest" name="addModuleToDashboard" time="4.658">
    <failure type="java.lang.NullPointerException" message="Cannot invoke &amp;quot;com.aventstack.extentreports.ExtentTest.addScreenCaptureFromPath(String)&amp;quot; because &amp;quot;this.test&amp;quot; is null">
      <![CDATA[java.lang.NullPointerException: Cannot invoke "com.aventstack.extentreports.ExtentTest.addScreenCaptureFromPath(String)" because "this.test" is null
at transsoft_GenericUtility.ListenerImplementation.onTestFailure(ListenerImplementation.java:46)
at java.base/java.util.concurrent.ThreadPoolExecutor.runWorker(ThreadPoolExecutor.java:1136)
at java.base/java.util.concurrent.ThreadPoolExecutor$Worker.run(ThreadPoolExecutor.java:635)
at java.base/java.lang.Thread.run(Thread.java:833)
... Removed 9 stack frames]]>
    </failure>
  </testcase> <!-- addModuleToDashboard -->
  <testcase classname="transsoft_UsermoduleRestaurant.CreaterestaurantPlacedOrderTest" name="createrestaurantPlacedOrder" time="10.668"/>
  <testcase classname="transsoft_UsermoduleRestaurant.CreaterestaurantPlacedOrderTest" name="createrestaurantPlacedOrder" time="10.68">
    <failure type="java.lang.NullPointerException" message="Cannot invoke &amp;quot;com.aventstack.extentreports.ExtentTest.log(com.aventstack.extentreports.Status, String)&amp;quot; because &amp;quot;this.test&amp;quot; is null">
      <![CDATA[java.lang.NullPointerException: Cannot invoke "com.aventstack.extentreports.ExtentTest.log(com.aventstack.extentreports.Status, String)" because "this.test" is null
at transsoft_GenericUtility.ListenerImplementation.onTestSuccess(ListenerImplementation.java:35)
at java.base/java.util.concurrent.ThreadPoolExecutor.runWorker(ThreadPoolExecutor.java:1136)
at java.base/java.util.concurrent.ThreadPoolExecutor$Worker.run(ThreadPoolExecutor.java:635)
at java.base/java.lang.Thread.run(Thread.java:833)
... Removed 9 stack frames]]>
    </failure>
  </testcase> <!-- createrestaurantPlacedOrder -->
  <testcase classname="transsoft_Restaurant.CreateRestaurantTest" name="createRestaurant" time="11.616"/>
  <testcase classname="transsoft_Restaurant.CreateRestaurantTest" name="createRestaurant" time="12.6">
    <failure type="java.lang.NullPointerException" message="Cannot invoke &amp;quot;com.aventstack.extentreports.ExtentTest.log(com.aventstack.extentreports.Status, String)&amp;quot; because &amp;quot;this.test&amp;quot; is null">
      <![CDATA[java.lang.NullPointerException: Cannot invoke "com.aventstack.extentreports.ExtentTest.log(com.aventstack.extentreports.Status, String)" because "this.test" is null
at transsoft_GenericUtility.ListenerImplementation.onTestSuccess(ListenerImplementation.java:35)
at java.base/java.util.concurrent.ThreadPoolExecutor.runWorker(ThreadPoolExecutor.java:1136)
at java.base/java.util.concurrent.ThreadPoolExecutor$Worker.run(ThreadPoolExecutor.java:635)
at java.base/java.lang.Thread.run(Thread.java:833)
... Removed 9 stack frames]]>
    </failure>
  </testcase> <!-- createRestaurant -->
  <testcase classname="transsoft_GenericUtility.BaseClass" name="@AfterSuite closeDB" time="0.0">
    <ignored/>
  </testcase> <!-- @AfterSuite closeDB -->
  <testcase classname="transsoft_GenericUtility.BaseClass" name="@BeforeSuite DBConnection" time="0.0">
    <ignored/>
  </testcase> <!-- @BeforeSuite DBConnection -->
</testsuite> <!-- Test -->
