<?xml version="1.0" encoding="UTF-8"?>
<testng-results ignored="0" total="1" passed="1" failed="0" skipped="0">
  <reporter-output>
    <line>
      <![CDATA[order has been placed under all order section dante003]]>
    </line>
    <line>
      <![CDATA[newly added dishes count will be= 122
Total Orders]]>
    </line>
  </reporter-output>
  <suite started-at="2023-07-10T13:24:15 IST" name="Surefire suite" finished-at="2023-07-10T13:24:26 IST" duration-ms="11408">
    <groups>
    </groups>
    <test started-at="2023-07-10T13:24:15 IST" name="Surefire test" finished-at="2023-07-10T13:24:26 IST" duration-ms="11408">
      <class name="transsoft_UsermoduleRestaurant.CreaterestaurantPlacedOrderTest">
        <test-method signature="createrestaurantPlacedOrder()[pri:0, instance:transsoft_UsermoduleRestaurant.CreaterestaurantPlacedOrderTest@4e91d63f]" started-at="2023-07-10T13:24:15 IST" name="createrestaurantPlacedOrder" finished-at="2023-07-10T13:24:26 IST" duration-ms="11376" status="PASS">
          <reporter-output>
            <line>
              <![CDATA[order has been placed under all order section dante003]]>
            </line>
            <line>
              <![CDATA[newly added dishes count will be= 122
Total Orders]]>
            </line>
          </reporter-output>
        </test-method> <!-- createrestaurantPlacedOrder -->
      </class> <!-- transsoft_UsermoduleRestaurant.CreaterestaurantPlacedOrderTest -->
    </test> <!-- Surefire test -->
  </suite> <!-- Surefire suite -->
</testng-results>
